[2022-08-06 18:29:27] production.INFO: financeiro@criaatva.com Visualizou a OS 572  
[2022-08-06 18:30:04] production.INFO: financeiro@criaatva.com Visualizou a OS 569  
[2022-08-06 18:36:59] production.INFO: financeiro@criaatva.com Visualizou a OS 563  
[2022-08-06 18:39:19] production.INFO: financeiro@criaatva.com Visualizou a OS 563  
[2022-08-06 18:39:38] production.INFO: financeiro@criaatva.com Visualizou a OS 563  
[2022-08-06 18:43:41] production.INFO: financeiro@criaatva.com Visualizou a OS 568  
[2022-08-06 18:44:03] production.INFO: financeiro@criaatva.com Visualizou a OS 568  
[2022-08-06 18:45:13] production.INFO: financeiro@criaatva.com Visualizou a OS 568  
[2022-08-07 07:27:16] production.INFO: financeiro@criaatva.com Visualizou a OS 560  
[2022-08-07 08:39:41] production.INFO: financeiro@criaatva.com Visualizou a OS 568  
[2022-08-07 08:40:12] production.INFO: financeiro@criaatva.com Visualizou a OS 563  
[2022-08-07 08:40:45] production.INFO: financeiro@criaatva.com Visualizou a OS 569  
[2022-08-07 08:47:13] production.INFO: financeiro@criaatva.com Atualizou a despesa 35494 Dados Alterados: 
  
[2022-08-07 08:48:54] production.INFO: financeiro@criaatva.com Atualizou a despesa 35498 Dados Alterados: 
  
[2022-08-07 08:50:00] production.INFO: financeiro@criaatva.com Atualizou a despesa 35494 Dados Alterados: 
  
[2022-08-07 08:51:37] production.INFO: financeiro@criaatva.com Atualizou a despesa 35711 Dados Alterados: 
  
[2022-08-07 08:53:06] production.INFO: financeiro@criaatva.com Atualizou a despesa 35452 Dados Alterados: 
  
[2022-08-07 08:54:20] production.INFO: financeiro@criaatva.com Atualizou a despesa 35454 Dados Alterados: 
  
[2022-08-07 08:56:20] production.INFO: financeiro@criaatva.com Atualizou a despesa 35703 Dados Alterados: 
  
[2022-08-07 08:58:17] production.INFO: financeiro@criaatva.com Atualizou a despesa 35010 Dados Alterados: 
  
[2022-08-07 09:00:50] production.INFO: financeiro@criaatva.com Atualizou a despesa 35286 Dados Alterados: 
  
[2022-08-07 09:03:58] production.INFO: financeiro@criaatva.com Cadastrou a despesa 35890  
[2022-08-07 10:02:59] production.INFO: financeiro@criaatva.com Atualizou a despesa 35457 Dados Alterados: 
  
[2022-08-07 10:06:12] production.INFO: financeiro@criaatva.com Atualizou a despesa 35437 Dados Alterados: 
  
[2022-08-07 10:07:32] production.INFO: financeiro@criaatva.com Atualizou a despesa 35712 Dados Alterados: 
  
[2022-08-07 10:08:10] production.INFO: financeiro@criaatva.com Atualizou a despesa 35713 Dados Alterados: 
  
[2022-08-07 10:08:40] production.INFO: financeiro@criaatva.com Atualizou a despesa 35714 Dados Alterados: 
  
[2022-08-07 10:09:15] production.INFO: financeiro@criaatva.com Atualizou a despesa 35715 Dados Alterados: 
  
[2022-08-07 10:10:14] production.INFO: financeiro@criaatva.com Atualizou a despesa 35288 Dados Alterados: 
  
[2022-08-07 10:10:39] production.INFO: financeiro@criaatva.com Atualizou a despesa 35289 Dados Alterados: 
  
[2022-08-07 10:11:02] production.INFO: financeiro@criaatva.com Atualizou a despesa 35290 Dados Alterados: 
  
[2022-08-07 10:11:25] production.INFO: financeiro@criaatva.com Atualizou a despesa 35291 Dados Alterados: 
  
[2022-08-07 10:11:45] production.INFO: financeiro@criaatva.com Atualizou a despesa 35292 Dados Alterados: 
  
[2022-08-07 10:12:15] production.INFO: financeiro@criaatva.com Atualizou a despesa 35293 Dados Alterados: 
  
[2022-08-07 10:13:07] production.INFO: financeiro@criaatva.com Atualizou a despesa 35382 Dados Alterados: 
  
[2022-08-07 10:13:28] production.INFO: financeiro@criaatva.com Atualizou a despesa 35384 Dados Alterados: 
  
[2022-08-07 10:17:42] production.INFO: financeiro@criaatva.com Cadastrou a despesa 35891  
[2022-08-07 10:22:28] production.INFO: financeiro@criaatva.com Cadastrou a despesa 35892  
[2022-08-07 10:24:47] production.INFO: financeiro@criaatva.com Cadastrou a despesa 35893  
[2022-08-07 10:26:27] production.INFO: financeiro@criaatva.com Cadastrou a despesa 35894  
[2022-08-07 10:27:58] production.INFO: financeiro@criaatva.com Cadastrou a despesa 35895  
[2022-08-07 10:29:04] production.INFO: financeiro@criaatva.com Cadastrou a despesa 35896  
[2022-08-07 10:30:19] production.INFO: financeiro@criaatva.com Cadastrou a despesa 35897  
[2022-08-07 10:32:34] production.INFO: financeiro@criaatva.com Cadastrou a despesa 35898  
[2022-08-07 10:37:22] production.INFO: financeiro@criaatva.com Cadastrou a despesa 35899  
[2022-08-07 10:41:20] production.INFO: financeiro@criaatva.com Cadastrou a despesa 35900  
[2022-08-07 10:47:03] production.INFO: financeiro@criaatva.com Cadastrou a despesa 35901  
[2022-08-07 11:01:42] production.INFO: financeiro@criaatva.com Cadastrou a despesa 35902  
[2022-08-07 11:05:44] production.INFO: financeiro@criaatva.com Cadastrou a despesa 35903  
[2022-08-07 11:20:53] production.INFO: financeiro@criaatva.com Cadastrou o funcionário marcos viníciusde oliveira rodrigues silva  
[2022-08-07 11:22:13] production.INFO: financeiro@criaatva.com Cadastrou a despesa 35904  
[2022-08-07 11:22:50] production.INFO: financeiro@criaatva.com Visualizou o funcionário id 55  
[2022-08-07 11:23:13] production.INFO: financeiro@criaatva.com Atualizou o funcionário marcos vinícius de oliveira rodrigues silva  
[2022-08-07 11:27:20] production.INFO: financeiro@criaatva.com Cadastrou a despesa 35905  
[2022-08-07 11:34:24] production.INFO: financeiro@criaatva.com Cadastrou o funcionário thaiane cristina s da conceição  
[2022-08-07 11:34:55] production.INFO: financeiro@criaatva.com Cadastrou o funcionário andre luiz olivera lima  
[2022-08-07 11:35:28] production.INFO: financeiro@criaatva.com Cadastrou o funcionário leonardo pimentel rocha  
[2022-08-07 11:38:13] production.INFO: financeiro@criaatva.com Cadastrou a despesa 35906  
[2022-08-07 11:43:09] production.INFO: financeiro@criaatva.com Cadastrou o funcionário vinícius oliveira de lima  
[2022-08-07 11:44:23] production.INFO: financeiro@criaatva.com Cadastrou a despesa 35907  
[2022-08-07 11:47:08] production.INFO: financeiro@criaatva.com Atualizou a despesa 31764 Dados Alterados: 
  
[2022-08-07 11:49:57] production.INFO: financeiro@criaatva.com Cadastrou a despesa 35908  
[2022-08-07 12:04:53] production.INFO: financeiro@criaatva.com Cadastrou a despesa 35909  
[2022-08-07 12:07:19] production.INFO: financeiro@criaatva.com Cadastrou a despesa 35910  
[2022-08-07 12:08:37] production.INFO: financeiro@criaatva.com Cadastrou a despesa 35911  
[2022-08-07 12:10:21] production.INFO: financeiro@criaatva.com Cadastrou a despesa 35912  
[2022-08-07 12:13:14] production.INFO: financeiro@criaatva.com Cadastrou a despesa 35913  
[2022-08-07 12:14:51] production.INFO: financeiro@criaatva.com Cadastrou a despesa 35914  
[2022-08-07 15:06:47] production.INFO: financeiro@criaatva.com Atualizou a despesa 35905 Dados Alterados: 
  
[2022-08-07 15:09:28] production.INFO: financeiro@criaatva.com Atualizou a despesa 35905 Dados Alterados: 
  
[2022-08-07 15:14:59] production.INFO: financeiro@criaatva.com Atualizou a despesa 35905 Dados Alterados: 
  
[2022-08-07 15:16:05] production.INFO: financeiro@criaatva.com Atualizou a despesa 35905 Dados Alterados: 
  
[2022-08-07 15:16:34] production.INFO: financeiro@criaatva.com Atualizou a despesa 35905 Dados Alterados: 
  
[2022-08-07 15:35:42] production.INFO: financeiro@criaatva.com Atualizou a despesa 35457 Dados Alterados: 
  
[2022-08-07 15:36:46] production.INFO: financeiro@criaatva.com Atualizou a despesa 35456 Dados Alterados: 
  
[2022-08-07 15:39:21] production.INFO: financeiro@criaatva.com Excluiu a despesa 35287  
[2022-08-07 15:41:44] production.INFO: financeiro@criaatva.com Atualizou a despesa 35451 Dados Alterados: 
  
[2022-08-07 15:46:55] production.INFO: financeiro@criaatva.com Visualizou a OS 569  
[2022-08-07 15:47:13] production.INFO: financeiro@criaatva.com Visualizou a OS 569  
[2022-08-07 15:50:20] production.INFO: financeiro@criaatva.com Visualizou a OS 575  
[2022-08-07 15:50:44] production.INFO: financeiro@criaatva.com Visualizou a OS 572  
[2022-08-07 15:51:58] production.INFO: financeiro@criaatva.com Visualizou a OS 568  
[2022-08-07 15:52:48] production.INFO: financeiro@criaatva.com Visualizou a OS 563  
[2022-08-07 15:59:55] production.INFO: financeiro@criaatva.com Visualizou a OS 563  
[2022-08-07 16:00:13] production.INFO: financeiro@criaatva.com Visualizou a OS 563  
[2022-08-07 16:04:35] production.INFO: financeiro@criaatva.com Visualizou a OS 569  
[2022-08-07 16:05:05] production.INFO: financeiro@criaatva.com Visualizou a OS 569  
[2022-08-07 16:05:25] production.INFO: financeiro@criaatva.com Visualizou a OS 178  
[2022-08-07 16:05:46] production.INFO: financeiro@criaatva.com Visualizou a OS 574  
[2022-08-07 16:06:48] production.INFO: financeiro@criaatva.com Visualizou a OS 574  
[2022-08-07 16:08:21] production.INFO: financeiro@criaatva.com Visualizou a OS 572  
[2022-08-07 16:09:07] production.INFO: financeiro@criaatva.com Visualizou a OS 557  
[2022-08-07 16:09:33] production.INFO: financeiro@criaatva.com Visualizou a OS 557  
